<?xml version="1.0" encoding="UTF-8"?>
<!-- Generated by org.testng.reporters.JUnitReportReporter -->
<testsuite hostname="DESKTOP-UBO8366" failures="0" tests="1" name="TestScenarios.booksDashboard" time="0.811" errors="0" timestamp="2023-09-17T19:11:53 IST" skipped="0">
  <testcase classname="TestScenarios.booksDashboard" name="dashboard" time="0.811"/>
  <system-out/>
</testsuite> <!-- TestScenarios.booksDashboard -->
